<?xml version="1.0" encoding="UTF-8"?>
<!-- Generated by org.testng.reporters.JUnitXMLReporter -->
<testsuite ignored="1" hostname="ITPL-0059" failures="0" tests="1" name="Default test" time="17.982" errors="0" timestamp="2025-02-07T14:04:39 IST">
  <testcase classname="PlaywrightTest.LaunchBrowser" name="HandellingFramesINPlaywright" time="2.354"/>
  <testcase classname="PlaywrightTest.LaunchBrowser" name="InputAndButtons" time="0.0">
    <ignored/>
  </testcase> <!-- InputAndButtons -->
</testsuite> <!-- Default test -->
