<?xml version="1.0" encoding="UTF-8"?>
<!-- Generated by org.testng.reporters.JUnitXMLReporter -->
<testsuite ignored="2" hostname="ITPL-0059" failures="0" tests="1" name="Default test" time="57.161" errors="0" timestamp="2025-03-05T18:25:13 IST">
  <testcase classname="PlaywrightTest.IN_Student" name="BHASKAR_IN_Student_Complete_your_profile" time="1.54"/>
  <testcase classname="PlaywrightTest.IN_Student" name="BHASKAR_IN_Student_Publish_Your_ProfileCTA" time="0.0">
    <ignored/>
  </testcase> <!-- BHASKAR_IN_Student_Publish_Your_ProfileCTA -->
  <testcase classname="PlaywrightTest.IN_Student" name="BHASKAR_IN_Student_Skip_to_your_DashboardCTA" time="0.0">
    <ignored/>
  </testcase> <!-- BHASKAR_IN_Student_Skip_to_your_DashboardCTA -->
</testsuite> <!-- Default test -->
