<?xml version="1.0" encoding="UTF-8"?>
<testng-results ignored="0" total="1" passed="1" failed="0" skipped="0">
  <reporter-output>
  </reporter-output>
  <suite started-at="2025-03-05T18:24:16 IST" name="Default suite" finished-at="2025-03-05T18:25:13 IST" duration-ms="57161">
    <groups>
    </groups>
    <test started-at="2025-03-05T18:24:16 IST" name="Default test" finished-at="2025-03-05T18:25:13 IST" duration-ms="57161">
      <class name="PlaywrightTest.IN_Student">
        <test-method is-config="true" signature="setup()[pri:0, instance:PlaywrightTest.IN_Student@49e5f737]" started-at="2025-03-05T18:24:16 IST" name="setup" finished-at="2025-03-05T18:24:59 IST" duration-ms="42734" status="PASS">
          <reporter-output>
          </reporter-output>
        </test-method> <!-- setup -->
        <test-method is-config="true" signature="createContext()[pri:0, instance:PlaywrightTest.IN_Student@49e5f737]" started-at="2025-03-05T18:24:59 IST" name="createContext" finished-at="2025-03-05T18:25:10 IST" duration-ms="11449" status="PASS">
          <reporter-output>
          </reporter-output>
        </test-method> <!-- createContext -->
        <test-method signature="BHASKAR_IN_Student_Complete_your_profile()[pri:1, instance:PlaywrightTest.IN_Student@49e5f737]" started-at="2025-03-05T18:25:10 IST" name="BHASKAR_IN_Student_Complete_your_profile" finished-at="2025-03-05T18:25:12 IST" duration-ms="1540" status="PASS">
          <reporter-output>
          </reporter-output>
        </test-method> <!-- BHASKAR_IN_Student_Complete_your_profile -->
        <test-method is-config="true" signature="closeContext()[pri:0, instance:PlaywrightTest.IN_Student@49e5f737]" started-at="2025-03-05T18:25:12 IST" name="closeContext" finished-at="2025-03-05T18:25:12 IST" duration-ms="391" status="PASS">
          <reporter-output>
          </reporter-output>
        </test-method> <!-- closeContext -->
        <test-method is-config="true" signature="teardown()[pri:0, instance:PlaywrightTest.IN_Student@49e5f737]" started-at="2025-03-05T18:25:12 IST" name="teardown" finished-at="2025-03-05T18:25:13 IST" duration-ms="932" status="PASS">
          <reporter-output>
          </reporter-output>
        </test-method> <!-- teardown -->
      </class> <!-- PlaywrightTest.IN_Student -->
    </test> <!-- Default test -->
  </suite> <!-- Default suite -->
</testng-results>
