<?xml version="1.0" encoding="UTF-8"?>
<testng-results ignored="0" total="1" passed="1" failed="0" skipped="0">
  <reporter-output>
  </reporter-output>
  <suite started-at="2025-02-07T14:04:21 IST" name="Default suite" finished-at="2025-02-07T14:04:39 IST" duration-ms="17982">
    <groups>
    </groups>
    <test started-at="2025-02-07T14:04:21 IST" name="Default test" finished-at="2025-02-07T14:04:39 IST" duration-ms="17982">
      <class name="PlaywrightTest.LaunchBrowser">
        <test-method is-config="true" signature="setup()[pri:0, instance:PlaywrightTest.LaunchBrowser@1aa7ecca]" started-at="2025-02-07T14:04:21 IST" name="setup" finished-at="2025-02-07T14:04:36 IST" duration-ms="14672" status="PASS">
          <reporter-output>
          </reporter-output>
        </test-method> <!-- setup -->
        <test-method signature="HandellingFramesINPlaywright()[pri:0, instance:PlaywrightTest.LaunchBrowser@1aa7ecca]" started-at="2025-02-07T14:04:36 IST" name="HandellingFramesINPlaywright" finished-at="2025-02-07T14:04:38 IST" duration-ms="2354" status="PASS">
          <reporter-output>
          </reporter-output>
        </test-method> <!-- HandellingFramesINPlaywright -->
        <test-method is-config="true" signature="teardown()[pri:0, instance:PlaywrightTest.LaunchBrowser@1aa7ecca]" started-at="2025-02-07T14:04:38 IST" name="teardown" finished-at="2025-02-07T14:04:39 IST" duration-ms="825" status="PASS">
          <reporter-output>
          </reporter-output>
        </test-method> <!-- teardown -->
      </class> <!-- PlaywrightTest.LaunchBrowser -->
    </test> <!-- Default test -->
  </suite> <!-- Default suite -->
</testng-results>
